<?xml version="1.0" encoding="UTF-8"?>
<!-- Generated by org.testng.reporters.JUnitReportReporter -->
<testsuite hostname="LAPTOP-4MJVIKIS" failures="0" tests="1" name="test.AddCustomerTest" time="20.495" errors="0" timestamp="2023-02-13T12:58:09 EST" skipped="0">
  <testcase classname="test.AddCustomerTest" name="validUserShouldBeAbleToAddCustomerFromListCustomer" time="20.495"/>
  <system-out/>
</testsuite> <!-- test.AddCustomerTest -->
