<?xml version="1.0" encoding="UTF-8"?>
<!-- Generated by org.testng.reporters.JUnitReportReporter -->
<testsuite hostname="LAPTOP-4MJVIKIS" failures="0" tests="1" name="test.LoginTest" time="8.328" errors="0" timestamp="2023-02-13T11:14:26 EST" skipped="0">
  <testcase classname="test.LoginTest" name="validUserShouldBeAbleToLogin" time="8.328"/>
  <system-out/>
</testsuite> <!-- test.LoginTest -->
